<?xml version="1.0" encoding="utf-8"?><testsuites name="pytest tests"><testsuite name="pytest" errors="0" failures="0" skipped="0" tests="12" time="2.041" timestamp="2026-07-15T17:35:27.532115+00:00" hostname="agent-env-3c62556b-789d-4ec1-b0fc-436f3d3d5ec1"><testcase classname="backend.tests.test_nexora_api.TestCatalog" name="test_list_relics" time="0.196" /><testcase classname="backend.tests.test_nexora_api.TestCatalog" name="test_registry" time="0.158" /><testcase classname="backend.tests.test_nexora_api.TestCatalog" name="test_relic_detail" time="0.108" /><testcase classname="backend.tests.test_nexora_api.TestCatalog" name="test_relic_detail_404" time="0.160" /><testcase classname="backend.tests.test_nexora_api.TestUsers" name="test_create_and_get_user" time="0.206" /><testcase classname="backend.tests.test_nexora_api.TestUsers" name="test_get_user_404" time="0.106" /><testcase classname="backend.tests.test_nexora_api.TestDiscovery" name="test_discover_creates_record" time="0.230" /><testcase classname="backend.tests.test_nexora_api.TestDiscovery" name="test_multiple_discoveries_never_exceed_genesis" time="0.397" /><testcase classname="backend.tests.test_nexora_api.TestDiscovery" name="test_discover_invalid_user" time="0.112" /><testcase classname="backend.tests.test_nexora_api.TestUserData" name="test_collection_grouped" time="0.113" /><testcase classname="backend.tests.test_nexora_api.TestUserData" name="test_stats" time="0.115" /><testcase classname="backend.tests.test_nexora_api.TestUserData" name="test_rarest" time="0.100" /></testsuite></testsuites>